
> frontend@0.1.0 start
> craco start

(node:402911) [DEP_WEBPACK_DEV_SERVER_ON_AFTER_SETUP_MIDDLEWARE] DeprecationWarning: 'onAfterSetupMiddleware' option is deprecated. Please use the 'setupMiddlewares' option.
(Use `node --trace-deprecation ...` to show where the warning was created)
(node:402911) [DEP_WEBPACK_DEV_SERVER_ON_BEFORE_SETUP_MIDDLEWARE] DeprecationWarning: 'onBeforeSetupMiddleware' option is deprecated. Please use the 'setupMiddlewares' option.
Starting the development server...

Compiled with warnings.

[eslint]
src/pages/CompanyOnboarding.js
  Line 277:42:  React Hook useEffect has a missing dependency: 'fetchCompanies'. Either include it or remove the dependency array  react-hooks/exhaustive-deps

src/pages/Dashboard.js
  Line 68:6:  React Hook useEffect has a missing dependency: 'fetchAll'. Either include it or remove the dependency array  react-hooks/exhaustive-deps

src/pages/HRMS.js
  Line 40:8:  React Hook useEffect has a missing dependency: 'fetchData'. Either include it or remove the dependency array  react-hooks/exhaustive-deps

src/pages/IATFHub.js
  Line 52:6:  React Hook useEffect has a missing dependency: 'fetchData'. Either include it or remove the dependency array  react-hooks/exhaustive-deps

src/pages/PIP.js
  Line 30:8:  React Hook useEffect has a missing dependency: 'fetchData'. Either include it or remove the dependency array  react-hooks/exhaustive-deps

src/pages/Resignations.js
  Line 21:8:  React Hook useEffect has a missing dependency: 'fetchResignations'. Either include it or remove the dependency array  react-hooks/exhaustive-deps

src/pages/TravelTracker.js
  Line 50:8:   React Hook useEffect has a missing dependency: 'locations'. Either include it or remove the dependency array  react-hooks/exhaustive-deps
  Line 125:8:  React Hook useCallback has a missing dependency: 'headers'. Either include it or remove the dependency array  react-hooks/exhaustive-deps
  Line 199:8:  React Hook useEffect has a missing dependency: 'headers'. Either include it or remove the dependency array    react-hooks/exhaustive-deps

src/pages/WFHRequests.js
  Line 22:37:  React Hook useEffect has a missing dependency: 'fetchData'. Either include it or remove the dependency array  react-hooks/exhaustive-deps

Search for the keywords to learn more about each warning.
To ignore, add // eslint-disable-next-line to the line before.

WARNING in [eslint]
src/pages/CompanyOnboarding.js
  Line 277:42:  React Hook useEffect has a missing dependency: 'fetchCompanies'. Either include it or remove the dependency array  react-hooks/exhaustive-deps

src/pages/Dashboard.js
  Line 68:6:  React Hook useEffect has a missing dependency: 'fetchAll'. Either include it or remove the dependency array  react-hooks/exhaustive-deps

src/pages/HRMS.js
  Line 40:8:  React Hook useEffect has a missing dependency: 'fetchData'. Either include it or remove the dependency array  react-hooks/exhaustive-deps

src/pages/IATFHub.js
  Line 52:6:  React Hook useEffect has a missing dependency: 'fetchData'. Either include it or remove the dependency array  react-hooks/exhaustive-deps

src/pages/PIP.js
  Line 30:8:  React Hook useEffect has a missing dependency: 'fetchData'. Either include it or remove the dependency array  react-hooks/exhaustive-deps

src/pages/Resignations.js
  Line 21:8:  React Hook useEffect has a missing dependency: 'fetchResignations'. Either include it or remove the dependency array  react-hooks/exhaustive-deps

src/pages/TravelTracker.js
  Line 50:8:   React Hook useEffect has a missing dependency: 'locations'. Either include it or remove the dependency array  react-hooks/exhaustive-deps
  Line 125:8:  React Hook useCallback has a missing dependency: 'headers'. Either include it or remove the dependency array  react-hooks/exhaustive-deps
  Line 199:8:  React Hook useEffect has a missing dependency: 'headers'. Either include it or remove the dependency array    react-hooks/exhaustive-deps

src/pages/WFHRequests.js
  Line 22:37:  React Hook useEffect has a missing dependency: 'fetchData'. Either include it or remove the dependency array  react-hooks/exhaustive-deps

webpack compiled with 1 warning
(node:402911) [DEP0060] DeprecationWarning: The `util._extend` API is deprecated. Please use Object.assign() instead.
