WARNING:root:MONGO_URL is missing. Using in-memory fallback database.
WARNING:root:⚠️  SECRET_KEY not set — using insecure default. Set SECRET_KEY env variable!
INFO:     Started server process [644009]
INFO:     Waiting for application startup.
WARNING:main:Running backend with in-memory fallback DB.
WARNING:passlib.handlers.bcrypt:(trapped) error reading bcrypt version
Traceback (most recent call last):
  File "/home/jules/.pyenv/versions/3.12.13/lib/python3.12/site-packages/passlib/handlers/bcrypt.py", line 620, in _load_backend_mixin
    version = _bcrypt.__about__.__version__
              ^^^^^^^^^^^^^^^^^
AttributeError: module 'bcrypt' has no attribute '__about__'
INFO:     Application startup complete.
INFO:     Uvicorn running on http://127.0.0.1:8000 (Press CTRL+C to quit)
INFO:     127.0.0.1:54764 - "POST /api/auth/login HTTP/1.1" 401 Unauthorized
INFO:     127.0.0.1:51148 - "POST /api/auth/register HTTP/1.1" 200 OK
INFO:     127.0.0.1:44774 - "POST /api/auth/login HTTP/1.1" 200 OK
INFO:     None:0 - "HEAD /api/auth/login HTTP/1.1" 405 Method Not Allowed
INFO:     127.0.0.1:45402 - "POST /api/auth/login HTTP/1.1" 200 OK
INFO:     None:0 - "GET /undefined/api/dashboard/stats HTTP/1.1" 404 Not Found
INFO:     None:0 - "GET /undefined/api/insights HTTP/1.1" 404 Not Found
INFO:     None:0 - "GET /undefined/api/companies HTTP/1.1" 404 Not Found
INFO:     None:0 - "GET /undefined/api/announcements HTTP/1.1" 404 Not Found
INFO:     None:0 - "GET /undefined/api/dashboard/stats HTTP/1.1" 404 Not Found
INFO:     None:0 - "GET /undefined/api/insights HTTP/1.1" 404 Not Found
INFO:     None:0 - "GET /undefined/api/companies HTTP/1.1" 404 Not Found
INFO:     None:0 - "GET /undefined/api/announcements HTTP/1.1" 404 Not Found
INFO:     None:0 - "GET /undefined/api/dashboard/stats HTTP/1.1" 404 Not Found
INFO:     None:0 - "GET /undefined/api/dashboard/stats HTTP/1.1" 404 Not Found
INFO:     None:0 - "GET /undefined/api/dashboard/stats HTTP/1.1" 404 Not Found
INFO:     None:0 - "GET /undefined/api/dashboard/stats HTTP/1.1" 404 Not Found
INFO:     None:0 - "GET /undefined/api/dashboard/stats HTTP/1.1" 404 Not Found
INFO:     None:0 - "GET /undefined/api/inventory HTTP/1.1" 404 Not Found
INFO:     None:0 - "GET /undefined/api/dashboard/stats HTTP/1.1" 404 Not Found
INFO:     None:0 - "GET /undefined/api/inventory HTTP/1.1" 404 Not Found
INFO:     None:0 - "GET /undefined/api/dashboard/stats HTTP/1.1" 404 Not Found
INFO:     None:0 - "GET /undefined/api/dashboard/stats HTTP/1.1" 404 Not Found
