WARNING:root:MONGO_URL is missing. Using in-memory fallback database.
WARNING:root:⚠️  SECRET_KEY not set — using insecure default. Set SECRET_KEY env variable!
INFO:     Started server process [38525]
INFO:     Waiting for application startup.
WARNING:main:Running backend with in-memory fallback DB.
INFO:     Application startup complete.
INFO:     Uvicorn running on http://127.0.0.1:8000 (Press CTRL+C to quit)
START: IATF Compliance Seeding with VOLUME...
DONE: Seeded 1 Training Calendar with 100 programs
DONE: Seeded Skill Matrix for 100 Employees
DONE: Seeded 100 Kaizen Suggestions
DONE: Seeded 10 Turtle Diagrams
DONE: Seeded 250 additional records for Gap Analysis (Audit Dashboard)

SUCCESS: VOLUME SEEDING COMPLETED!
INFO:     None:0 - "GET /undefined/api/dashboard/stats HTTP/1.1" 404 Not Found
INFO:     None:0 - "GET /undefined/api/expenses HTTP/1.1" 404 Not Found
INFO:     None:0 - "GET /undefined/api/employees HTTP/1.1" 404 Not Found
INFO:     None:0 - "GET /undefined/api/expenses/categories HTTP/1.1" 404 Not Found
INFO:     None:0 - "GET /undefined/api/dashboard/stats HTTP/1.1" 404 Not Found
INFO:     None:0 - "GET /undefined/api/expenses HTTP/1.1" 404 Not Found
INFO:     None:0 - "GET /undefined/api/employees HTTP/1.1" 404 Not Found
INFO:     None:0 - "GET /undefined/api/expenses/categories HTTP/1.1" 404 Not Found
INFO:     None:0 - "GET /undefined/api/dashboard/stats HTTP/1.1" 404 Not Found
INFO:     None:0 - "GET /undefined/api/dashboard/stats HTTP/1.1" 404 Not Found
INFO:     127.0.0.1:42178 - "POST /api/auth/register HTTP/1.1" 200 OK
INFO:     127.0.0.1:42188 - "POST /api/auth/login HTTP/1.1" 200 OK
INFO:     127.0.0.1:42190 - "POST /api/departments HTTP/1.1" 200 OK
INFO:     127.0.0.1:42194 - "POST /api/positions HTTP/1.1" 200 OK
INFO:     127.0.0.1:42204 - "POST /api/employees HTTP/1.1" 200 OK
INFO:     127.0.0.1:42208 - "POST /api/salary-structure/suggest HTTP/1.1" 200 OK
INFO:     127.0.0.1:42220 - "POST /api/salary-structure HTTP/1.1" 200 OK
INFO:     127.0.0.1:42230 - "POST /api/payroll/run HTTP/1.1" 200 OK
INFO:     127.0.0.1:42232 - "POST /api/payroll/e1a1c311-3997-451d-8307-35b5711dc9aa/lock HTTP/1.1" 200 OK
INFO:     127.0.0.1:43848 - "POST /api/auth/login HTTP/1.1" 422 Unprocessable Entity
INFO:     127.0.0.1:33700 - "POST /api/auth/login HTTP/1.1" 200 OK
INFO:     None:0 - "POST /api/auth/login HTTP/1.1" 200 OK
INFO:     None:0 - "GET /undefined/api/dashboard/stats HTTP/1.1" 404 Not Found
INFO:     None:0 - "GET /undefined/api/dashboard/stats HTTP/1.1" 404 Not Found
INFO:     None:0 - "GET /undefined/api/dashboard/stats HTTP/1.1" 404 Not Found
INFO:     None:0 - "GET /undefined/api/insights HTTP/1.1" 404 Not Found
INFO:     None:0 - "GET /undefined/api/companies HTTP/1.1" 404 Not Found
INFO:     None:0 - "GET /undefined/api/announcements HTTP/1.1" 404 Not Found
INFO:     None:0 - "GET /undefined/api/dashboard/stats HTTP/1.1" 404 Not Found
INFO:     None:0 - "GET /undefined/api/insights HTTP/1.1" 404 Not Found
INFO:     None:0 - "GET /undefined/api/companies HTTP/1.1" 404 Not Found
INFO:     None:0 - "GET /undefined/api/announcements HTTP/1.1" 404 Not Found
INFO:     None:0 - "GET /undefined/api/dashboard/stats HTTP/1.1" 404 Not Found
INFO:     None:0 - "GET /undefined/api/dashboard/stats HTTP/1.1" 404 Not Found
INFO:     None:0 - "POST /api/auth/login HTTP/1.1" 200 OK
INFO:     None:0 - "GET /undefined/api/dashboard/stats HTTP/1.1" 404 Not Found
INFO:     None:0 - "GET /undefined/api/dashboard/stats HTTP/1.1" 404 Not Found
INFO:     None:0 - "GET /undefined/api/dashboard/stats HTTP/1.1" 404 Not Found
INFO:     None:0 - "GET /undefined/api/insights HTTP/1.1" 404 Not Found
INFO:     None:0 - "GET /undefined/api/companies HTTP/1.1" 404 Not Found
INFO:     None:0 - "GET /undefined/api/announcements HTTP/1.1" 404 Not Found
INFO:     None:0 - "GET /undefined/api/dashboard/stats HTTP/1.1" 404 Not Found
INFO:     None:0 - "GET /undefined/api/insights HTTP/1.1" 404 Not Found
INFO:     None:0 - "GET /undefined/api/companies HTTP/1.1" 404 Not Found
INFO:     None:0 - "GET /undefined/api/announcements HTTP/1.1" 404 Not Found
INFO:     None:0 - "GET /undefined/api/dashboard/stats HTTP/1.1" 404 Not Found
INFO:     None:0 - "GET /undefined/api/dashboard/stats HTTP/1.1" 404 Not Found
INFO:     None:0 - "POST /api/auth/login HTTP/1.1" 401 Unauthorized
INFO:     None:0 - "POST /api/auth/login HTTP/1.1" 401 Unauthorized
INFO:     None:0 - "POST /api/auth/login HTTP/1.1" 200 OK
INFO:     None:0 - "GET /undefined/api/dashboard/stats HTTP/1.1" 404 Not Found
INFO:     None:0 - "GET /undefined/api/dashboard/stats HTTP/1.1" 404 Not Found
INFO:     None:0 - "GET /undefined/api/dashboard/stats HTTP/1.1" 404 Not Found
INFO:     None:0 - "GET /undefined/api/insights HTTP/1.1" 404 Not Found
INFO:     None:0 - "GET /undefined/api/companies HTTP/1.1" 404 Not Found
INFO:     None:0 - "GET /undefined/api/announcements HTTP/1.1" 404 Not Found
INFO:     None:0 - "GET /undefined/api/dashboard/stats HTTP/1.1" 404 Not Found
INFO:     None:0 - "GET /undefined/api/insights HTTP/1.1" 404 Not Found
INFO:     None:0 - "GET /undefined/api/companies HTTP/1.1" 404 Not Found
INFO:     None:0 - "GET /undefined/api/announcements HTTP/1.1" 404 Not Found
INFO:     None:0 - "GET /undefined/api/dashboard/stats HTTP/1.1" 404 Not Found
INFO:     None:0 - "GET /undefined/api/dashboard/stats HTTP/1.1" 404 Not Found
